<?xml version="1.0" encoding="UTF-8"?>
<testsuite xmlns:xsi="http://www.w3.org/2001/XMLSchema-instance" xsi:noNamespaceSchemaLocation="https://maven.apache.org/surefire/maven-surefire-plugin/xsd/surefire-test-report-3.0.xsd" version="3.0" name="th.ac.ku.SuspendedAccountTest" time="0.006" tests="2" errors="0" skipped="0" failures="0">
  <properties>
[...]
</properties>
  <testcase name="check_Valid_Account_Should_Return_False" classname="th.ac.ku.SuspendedAccountTest" time="0.001"/>
  <testcase name="check_Suspended_Account_Should_Return_True" classname="th.ac.ku.SuspendedAccountTest" time="0.002"/>
</testsuite>